mode: set
github.com/KamarRS-App/KamarRS-App/features/patient/service/logic.go:15.69,20.2 1 1
github.com/KamarRS-App/KamarRS-App/features/patient/service/logic.go:23.78,24.71 1 1
github.com/KamarRS-App/KamarRS-App/features/patient/service/logic.go:28.2,29.22 2 1
github.com/KamarRS-App/KamarRS-App/features/patient/service/logic.go:33.2,33.18 1 1
github.com/KamarRS-App/KamarRS-App/features/patient/service/logic.go:24.71,26.3 1 1
github.com/KamarRS-App/KamarRS-App/features/patient/service/logic.go:29.22,31.3 1 1
github.com/KamarRS-App/KamarRS-App/features/patient/service/logic.go:37.57,39.16 2 1
github.com/KamarRS-App/KamarRS-App/features/patient/service/logic.go:42.2,42.12 1 1
github.com/KamarRS-App/KamarRS-App/features/patient/service/logic.go:39.16,41.3 1 1
github.com/KamarRS-App/KamarRS-App/features/patient/service/logic.go:46.93,48.16 2 1
github.com/KamarRS-App/KamarRS-App/features/patient/service/logic.go:51.2,51.18 1 1
github.com/KamarRS-App/KamarRS-App/features/patient/service/logic.go:48.16,50.3 1 1
github.com/KamarRS-App/KamarRS-App/features/patient/service/logic.go:55.126,58.16 3 1
github.com/KamarRS-App/KamarRS-App/features/patient/service/logic.go:61.2,61.8 1 1
github.com/KamarRS-App/KamarRS-App/features/patient/service/logic.go:58.16,60.3 1 1
github.com/KamarRS-App/KamarRS-App/features/patient/service/logic.go:65.88,68.22 2 1
github.com/KamarRS-App/KamarRS-App/features/patient/service/logic.go:72.2,72.18 1 1
github.com/KamarRS-App/KamarRS-App/features/patient/service/logic.go:68.22,70.3 1 1
github.com/KamarRS-App/KamarRS-App/features/patient/service/logic.go:76.88,78.16 2 1
github.com/KamarRS-App/KamarRS-App/features/patient/service/logic.go:81.2,81.18 1 1
github.com/KamarRS-App/KamarRS-App/features/patient/service/logic.go:78.16,80.3 1 1
